This is pdfTeXk, Version 3.141592-1.40.3 (Web2C 7.5.6) (format=pdflatex 2009.8.29)  13 NOV 2009 13:12
entering extended mode
 file:line:error style messages enabled.
**main.tex
(./main.tex
LaTeX2e <2005/12/01>
Babel <v3.8h> and hyphenation patterns for english, usenglishmax, dumylang, noh
yphenation, arabic, basque, bulgarian, coptic, welsh, czech, slovak, german, ng
erman, danish, esperanto, spanish, catalan, galician, estonian, farsi, finnish,
 french, greek, monogreek, ancientgreek, croatian, hungarian, interlingua, ibyc
us, indonesian, icelandic, italian, latin, mongolian, dutch, norsk, polish, por
tuguese, pinyin, romanian, russian, slovenian, uppersorbian, serbian, swedish, 
turkish, ukenglish, ukrainian, loaded.
(/opt/local/share/texmf-dist/tex/latex/base/article.cls
Document Class: article 2005/09/16 v1.4f Standard LaTeX document class
(/opt/local/share/texmf-dist/tex/latex/base/size10.clo
File: size10.clo 2005/09/16 v1.4f Standard LaTeX file (size option)
)
\c@part=\count79
\c@section=\count80
\c@subsection=\count81
\c@subsubsection=\count82
\c@paragraph=\count83
\c@subparagraph=\count84
\c@figure=\count85
\c@table=\count86
\abovecaptionskip=\skip41
\belowcaptionskip=\skip42
\bibindent=\dimen102
)
(/opt/local/share/texmf-dist/tex/latex/listings/listings.sty
(/opt/local/share/texmf-dist/tex/latex/graphics/keyval.sty
Package: keyval 1999/03/16 v1.13 key=value parser (DPC)
\KV@toks@=\toks14
)
\lst@mode=\count87
\lst@gtempboxa=\box26
\lst@token=\toks15
\lst@length=\count88
\lst@currlwidth=\dimen103
\lst@column=\count89
\lst@pos=\count90
\lst@lostspace=\dimen104
\lst@width=\dimen105
\lst@newlines=\count91
\lst@lineno=\count92
\c@lstlisting=\count93
\lst@maxwidth=\dimen106

(/opt/local/share/texmf-dist/tex/latex/listings/lstpatch.sty
File: lstpatch.sty 2004/10/17 1.3b (Carsten Heinz)
)
(/opt/local/share/texmf-dist/tex/latex/listings/lstmisc.sty
File: lstmisc.sty 2004/09/07 1.3 (Carsten Heinz)
\c@lstnumber=\count94
\lst@skipnumbers=\count95
\lst@framebox=\box27
)
(/opt/local/share/texmf-dist/tex/latex/listings/listings.cfg
File: listings.cfg 2004/09/05 1.3 listings configuration
))
Package: listings 2004/10/17 1.3b (Carsten Heinz)
 (./main.aux)
\openout1 = `main.aux'.

LaTeX Font Info:    Checking defaults for OML/cmm/m/it on input line 20.
LaTeX Font Info:    ... okay on input line 20.
LaTeX Font Info:    Checking defaults for T1/cmr/m/n on input line 20.
LaTeX Font Info:    ... okay on input line 20.
LaTeX Font Info:    Checking defaults for OT1/cmr/m/n on input line 20.
LaTeX Font Info:    ... okay on input line 20.
LaTeX Font Info:    Checking defaults for OMS/cmsy/m/n on input line 20.
LaTeX Font Info:    ... okay on input line 20.
LaTeX Font Info:    Checking defaults for OMX/cmex/m/n on input line 20.
LaTeX Font Info:    ... okay on input line 20.
LaTeX Font Info:    Checking defaults for U/cmr/m/n on input line 20.
LaTeX Font Info:    ... okay on input line 20.
LaTeX Font Info:    External font `cmex10' loaded for size
(Font)              <12> on input line 21.
LaTeX Font Info:    External font `cmex10' loaded for size
(Font)              <8> on input line 21.
LaTeX Font Info:    External font `cmex10' loaded for size
(Font)              <6> on input line 21.

Underfull \vbox (badness 5288) has occurred while \output is active []

LaTeX Font Info:    Font shape `OT1/cmtt/bx/n' in size <10> not available
(Font)              Font shape `OT1/cmtt/m/n' tried instead on input line 53.

Underfull \hbox (badness 3482) in paragraph at lines 56--57
[]\OT1/cmr/m/n/10 - check pre-
 []

[1{/opt/local/share/texmf/fonts/map/pdftex/updmap/pdftex.map}


]
LaTeX Font Info:    Try loading font information for OMS+cmr on input line 67.

(/opt/local/share/texmf-dist/tex/latex/base/omscmr.fd
File: omscmr.fd 1999/05/25 v2.5h Standard LaTeX font definitions
)
LaTeX Font Info:    Font shape `OMS/cmr/m/n' in size <10> not available
(Font)              Font shape `OMS/cmsy/m/n' tried instead on input line 67.

Underfull \hbox (badness 1701) in paragraph at lines 79--80
[]\OT1/cmr/m/n/10 An ex-am-ple JPF file from the JPF/APROP
 []

(/opt/local/share/texmf-dist/tex/latex/listings/lstlang1.sty
File: lstlang1.sty 2004/09/05 1.3 listings language file
)
Underfull \hbox (badness 4341) in paragraph at lines 114--115
[]\OT1/cmr/m/n/10 We were able to ver-ify the ex-am-ples cor-
 []


Underfull \hbox (badness 5607) in paragraph at lines 114--115
\OT1/cmr/m/n/10 when the non-null an-no-ta-tions were vi-o-lated.
 []


Underfull \hbox (badness 1454) in paragraph at lines 114--115
\OT1/cmr/m/n/10 Of in-ter-est is that it is not the fact that an
 []


Underfull \hbox (badness 1776) in paragraph at lines 114--115
\OT1/cmr/m/n/10 un-caught ex-cep-tion is thrown that causes JPF
 []


Underfull \hbox (badness 1383) in paragraph at lines 114--115
\OT1/cmr/m/n/10 to com-plain of an er-ror, it is that a \OT1/cmr/m/it/10 lis-te
ner\OT1/cmr/m/n/10 ,
 []


Overfull \hbox (9.52573pt too wide) in paragraph at lines 114--115
\OT1/cmtt/m/n/10 gov.nasa.jpf.jvm.NoUncaughtExceptionsProperty\OT1/cmr/m/n/10 ,

 []


Underfull \hbox (badness 2591) in paragraph at lines 116--116
[]\OT1/cmr/bx/n/12 Implementing an-no-ta-tions with
 []


Underfull \vbox (badness 10000) has occurred while \output is active []

 [2]
(./main.bbl [3]
Underfull \hbox (badness 10000) in paragraph at lines 22--24
[]\OT1/cmr/m/n/10 Java PathFinder APROP Project, 2009.
 []


Overfull \hbox (114.33054pt too wide) in paragraph at lines 22--24
\OT1/cmtt/m/n/10 http://babelfish.arc.nasa.gov/trac/jpf/wiki/projects/jpf-aprop
\OT1/cmr/m/n/10 . 
 []


Overfull \hbox (130.0804pt too wide) in paragraph at lines 36--40
\OT1/cmtt/m/n/10 http://java.sun.com/javase/6/docs/technotes/guides/jni/index.h
tml\OT1/cmr/m/n/10 . 
 []


Underfull \hbox (badness 5417) in paragraph at lines 46--50
\OT1/cmr/m/n/10 Brat, Se-ungjoon Park, and Flavio Lerda.
 []

) [4

] (./main.aux) ) 
Here is how much of TeX's memory you used:
 1609 strings out of 94073
 22437 string characters out of 1164797
 85242 words of memory out of 1500000
 4938 multiletter control sequences out of 10000+50000
 8409 words of font info for 30 fonts, out of 1200000 for 2000
 645 hyphenation exceptions out of 8191
 26i,7n,40p,703b,1078s stack positions out of 5000i,500n,6000p,200000b,5000s
</opt/local/share/texmf-dist/fonts/type1/bluesky/cm/cmbx12.pfb>
</opt/local/share/texmf-dist/fonts/type1/bluesky/cm/cmr10.pfb></opt/local/share
/texmf-dist/fonts/type1/bluesky/cm/cmr12.pfb></opt/local/share/texmf-dist/fonts
/type1/bluesky/cm/cmr17.pfb></opt/local/share/texmf-dist/fonts/type1/bluesky/cm
/cmsy10.pfb></opt/local/share/texmf-dist/fonts/type1/bluesky/cm/cmti10.pfb></op
t/local/share/texmf-dist/fonts/type1/bluesky/cm/cmtt10.pfb>
Output written on main.pdf (4 pages, 78026 bytes).
PDF statistics:
 43 PDF objects out of 1000 (max. 8388607)
 0 named destinations out of 1000 (max. 131072)
 1 words of extra memory for PDF output out of 10000 (max. 10000000)

